0 verbose cli C:\Users\ralph\node-portable\node-v22.12.0-win-x64\node.exe C:\Users\ralph\node-portable\node-v22.12.0-win-x64\node_modules\npm\bin\npm-cli.js
1 info using npm@10.9.0
2 info using node@v22.12.0
3 silly config load:file:C:\Users\ralph\node-portable\node-v22.12.0-win-x64\node_modules\npm\npmrc
4 silly config load:file:C:\Users\ralph\Desktop\RALPHRES\.npmrc
5 silly config load:file:C:\Users\ralph\.npmrc
6 silly config load:file:C:\Users\ralph\node-portable\node-v22.12.0-win-x64\etc\npmrc
7 verbose title npm exec vercel@54.13.0 --prod --yes --scope ralphs-projects-e94e1575
8 verbose argv "exec" "--" "vercel@54.13.0" "--prod" "--yes" "--scope" "ralphs-projects-e94e1575"
9 verbose logfile logs-max:10 dir:C:\Users\ralph\Desktop\RALPHRES\.npm-cache\_logs\2026-06-14T12_18_48_617Z-
10 verbose logfile C:\Users\ralph\Desktop\RALPHRES\.npm-cache\_logs\2026-06-14T12_18_48_617Z-debug-0.log
11 silly logfile start cleaning logs, removing 1 files
12 silly logfile done cleaning log files
13 silly packumentCache heap:4345298944 maxSize:1086324736 maxEntrySize:543162368
14 http fetch GET 200 https://registry.npmjs.org/vercel 108ms (cache revalidated)
15 silly packumentCache heap:4345298944 maxSize:1086324736 maxEntrySize:543162368
16 silly packumentCache heap:4345298944 maxSize:1086324736 maxEntrySize:543162368
17 verbose cwd C:\Users\ralph\Desktop\RALPHRES
18 verbose os Windows_NT 10.0.26200
19 verbose node v22.12.0
20 verbose npm  v10.9.0
21 verbose exit 1
22 verbose code 1
